Using pre-set license
Built from '2020.3/staging' branch; Version is '2020.3.18f1 (a7d1c678663c) revision 10998214'; Using compiler version '192528614'; Build Type 'Release'
OS: 'Windows 10 Pro; OS build 19043.1348; Version 2009; 64bit' Language: 'ko' Physical Memory: 16315 MB
BatchMode: 1, IsHumanControllingUs: 0, StartBugReporterOnCrash: 0, Is64bit: 1, IsPro: 0

COMMAND LINE ARGUMENTS:
C:\Program Files\Unity\Editor\Unity.exe
-adb2
-batchMode
-noUpm
-name
AssetImportWorker0
-projectPath
C:/Users/jiy02/Desktop/Unity/NewCardGame
-logFile
Logs/AssetImportWorker0.log
-srvPort
7385
Successfully changed project path to: C:/Users/jiy02/Desktop/Unity/NewCardGame
C:/Users/jiy02/Desktop/Unity/NewCardGame
Using Asset Import Pipeline V2.
Refreshing native plugins compatible for Editor in 76.82 ms, found 3 plugins.
Preloading 0 native plugins for Editor in 0.00 ms.
Initialize engine version: 2020.3.18f1 (a7d1c678663c)
[Subsystems] Discovering subsystems at path C:/Program Files/Unity/Editor/Data/Resources/UnitySubsystems
[Subsystems] Discovering subsystems at path C:/Users/jiy02/Desktop/Unity/NewCardGame/Assets
GfxDevice: creating device client; threaded=0
Direct3D:
    Version:  Direct3D 11.0 [level 11.1]
    Renderer: NVIDIA GeForce GTX 1060 6GB (ID=0x1c03)
    Vendor:   
    VRAM:     6052 MB
    Driver:   30.0.14.7111
Initialize mono
Mono path[0] = 'C:/Program Files/Unity/Editor/Data/Managed'
Mono path[1] = 'C:/Program Files/Unity/Editor/Data/MonoBleedingEdge/lib/mono/unityjit'
Mono config path = 'C:/Program Files/Unity/Editor/Data/MonoBleedingEdge/etc'
Using monoOptions --debugger-agent=transport=dt_socket,embedding=1,server=y,suspend=n,address=127.0.0.1:56980
Begin MonoManager ReloadAssembly
Registering precompiled unity dll's ...
Register platform support module: C:/Program Files/Unity/Editor/Data/PlaybackEngines/WindowsStandaloneSupport/UnityEditor.WindowsStandalone.Extensions.dll
Registered in 0.002013 seconds.
Native extension for WindowsStandalone target not found
Refreshing native plugins compatible for Editor in 78.73 ms, found 3 plugins.
Preloading 0 native plugins for Editor in 0.00 ms.
Mono: successfully reloaded assembly
- Completed reload, in  0.995 seconds
Domain Reload Profiling:
	ReloadAssembly (996ms)
		BeginReloadAssembly (58ms)
			ExecutionOrderSort (0ms)
			DisableScriptedObjects (0ms)
			BackupInstance (0ms)
			ReleaseScriptingObjects (0ms)
			CreateAndSetChildDomain (1ms)
		EndReloadAssembly (401ms)
			LoadAssemblies (56ms)
			RebuildTransferFunctionScriptingTraits (0ms)
			SetupTypeCache (132ms)
			ReleaseScriptCaches (0ms)
			RebuildScriptCaches (26ms)
			SetupLoadedEditorAssemblies (182ms)
				LogAssemblyErrors (0ms)
				InitializePlatformSupportModulesInManaged (3ms)
				SetLoadedEditorAssemblies (0ms)
				RefreshPlugins (79ms)
				BeforeProcessingInitializeOnLoad (8ms)
				ProcessInitializeOnLoadAttributes (66ms)
				ProcessInitializeOnLoadMethodAttributes (25ms)
				AfterProcessingInitializeOnLoad (0ms)
				EditorAssembliesLoaded (0ms)
			ExecutionOrderSort2 (0ms)
			AwakeInstancesAfterBackupRestoration (0ms)
Platform modules already initialized, skipping
Registering precompiled user dll's ...
Registered in 0.006104 seconds.
Begin MonoManager ReloadAssembly
Symbol file LoadedFromMemory doesn't match image C:\Users\jiy02\Desktop\Unity\NewCardGame\Library\PackageCache\com.unity.visualscripting@1.6.1\Editor\VisualScripting.Core\Dependencies\YamlDotNet\Unity.VisualScripting.YamlDotNet.dll
Symbol file LoadedFromMemory doesn't match image C:\Users\jiy02\Desktop\Unity\NewCardGame\Library\PackageCache\com.unity.visualscripting@1.6.1\Editor\VisualScripting.Core\Dependencies\DotNetZip\Unity.VisualScripting.IonicZip.dll
Native extension for WindowsStandalone target not found
Refreshing native plugins compatible for Editor in 0.72 ms, found 3 plugins.
Preloading 0 native plugins for Editor in 0.00 ms.
Mono: successfully reloaded assembly
- Completed reload, in  0.990 seconds
Domain Reload Profiling:
	ReloadAssembly (991ms)
		BeginReloadAssembly (134ms)
			ExecutionOrderSort (0ms)
			DisableScriptedObjects (4ms)
			BackupInstance (0ms)
			ReleaseScriptingObjects (0ms)
			CreateAndSetChildDomain (17ms)
		EndReloadAssembly (795ms)
			LoadAssemblies (87ms)
			RebuildTransferFunctionScriptingTraits (0ms)
			SetupTypeCache (293ms)
			ReleaseScriptCaches (1ms)
			RebuildScriptCaches (43ms)
			SetupLoadedEditorAssemblies (291ms)
				LogAssemblyErrors (0ms)
				InitializePlatformSupportModulesInManaged (4ms)
				SetLoadedEditorAssemblies (0ms)
				RefreshPlugins (1ms)
				BeforeProcessingInitializeOnLoad (76ms)
				ProcessInitializeOnLoadAttributes (199ms)
				ProcessInitializeOnLoadMethodAttributes (4ms)
				AfterProcessingInitializeOnLoad (7ms)
				EditorAssembliesLoaded (0ms)
			ExecutionOrderSort2 (0ms)
			AwakeInstancesAfterBackupRestoration (5ms)
Platform modules already initialized, skipping
========================================================================
Worker process is ready to serve import requests
Launched and connected shader compiler UnityShaderCompiler.exe after 0.05 seconds
Refreshing native plugins compatible for Editor in 0.91 ms, found 3 plugins.
Preloading 0 native plugins for Editor in 0.00 ms.
Unloading 2946 Unused Serialized files (Serialized files now loaded: 0)
System memory in use before: 104.3 MB.
System memory in use after: 104.5 MB.

Unloading 22 unused Assets to reduce memory usage. Loaded Objects now: 3377.
Total: 2.861100 ms (FindLiveObjects: 0.330300 ms CreateObjectMapping: 0.077300 ms MarkObjects: 2.388400 ms  DeleteObjects: 0.063600 ms)

AssetImportParameters requested are different than current active one (requested -> active):
  custom:framework-win-MediaFoundation: 216162199b28c13a410421893ffa2e32 -> 
  custom:video-decoder-ogg-theora: a1e56fd34408186e4bbccfd4996cb3dc -> 
  custom:container-muxer-webm: aa71ff27fc2769a1b78a27578f13a17b -> 
  custom:container-demuxer-webm: 4f35f7cbe854078d1ac9338744f61a02 -> 
  custom:container-demuxer-ogg: 62fdf1f143b41e24485cea50d1cbac27 -> 
  custom:video-encoder-webm-vp8: eb34c28f22e8b96e1ab97ce403110664 -> 
  custom:video-decoder-webm-vp8: 9c59270c3fd7afecdb556c50c9e8de78 -> 
  custom:audio-decoder-ogg-vorbis: bf7c407c2cedff20999df2af8eb42d56 -> 
  custom:audio-encoder-webm-vorbis: bf7c407c2cedff20999df2af8eb42d56 -> 
========================================================================
Received Import Request.
  path: Assets/_Sprites/FaceCard_13H.png
  artifactKey: Guid(ef50d4f09a2b3425fbbdb8ad5f8957b0) Importer(815301076,1909f56bfc062723c751e8b465ee728b)
Start importing Assets/_Sprites/FaceCard_13H.png using Guid(ef50d4f09a2b3425fbbdb8ad5f8957b0) Importer(815301076,1909f56bfc062723c751e8b465ee728b)  -> (artifact id: '83e19170bf53ebc2444c9b62629f3630') in 0.113957 seconds 
  Import took 0.118489 seconds .

========================================================================
Received Import Request.
  Time since last request: 0.003992 seconds.
  path: Assets/_Sprites/Card_Front.png
  artifactKey: Guid(873a7658b7ec742228520c7b15510f4d) Importer(815301076,1909f56bfc062723c751e8b465ee728b)
Start importing Assets/_Sprites/Card_Front.png using Guid(873a7658b7ec742228520c7b15510f4d) Importer(815301076,1909f56bfc062723c751e8b465ee728b)  -> (artifact id: 'e7f27c69130869633b0922ae95f5b39f') in 0.010411 seconds 
  Import took 0.014582 seconds .

========================================================================
Received Import Request.
  Time since last request: 0.003722 seconds.
  path: Assets/_Sprites/FaceCard_12C.png
  artifactKey: Guid(d86c46d6378144162964786d621fb0ca) Importer(815301076,1909f56bfc062723c751e8b465ee728b)
Start importing Assets/_Sprites/FaceCard_12C.png using Guid(d86c46d6378144162964786d621fb0ca) Importer(815301076,1909f56bfc062723c751e8b465ee728b)  -> (artifact id: '0738bed9cfd623fae1bb001db072cbac') in 0.010182 seconds 
  Import took 0.014238 seconds .

========================================================================
Received Import Request.
  Time since last request: 0.003667 seconds.
  path: Assets/_Prefabs/PlayerDeck.prefab
  artifactKey: Guid(704585a3b6d7d2e48b283cd6bdddfea6) Importer(815301076,1909f56bfc062723c751e8b465ee728b)
Start importing Assets/_Prefabs/PlayerDeck.prefab using Guid(704585a3b6d7d2e48b283cd6bdddfea6) Importer(815301076,1909f56bfc062723c751e8b465ee728b)  -> (artifact id: '7c57e18477602d86646f87198ab069a2') in 0.012035 seconds 
  Import took 0.016109 seconds .

========================================================================
Received Import Request.
  Time since last request: 0.003255 seconds.
  path: Assets/_Sprites/Card_Back_Gold.png
  artifactKey: Guid(8ecf4828943064b3a96f6258b54c0f11) Importer(815301076,1909f56bfc062723c751e8b465ee728b)
Start importing Assets/_Sprites/Card_Back_Gold.png using Guid(8ecf4828943064b3a96f6258b54c0f11) Importer(815301076,1909f56bfc062723c751e8b465ee728b)  -> (artifact id: 'ff35f094eae638c0d89f2db6b37d77e9') in 0.011681 seconds 
  Import took 0.015875 seconds .

========================================================================
Received Import Request.
  Time since last request: 0.003646 seconds.
  path: Assets/Resources/DeckXML.xml
  artifactKey: Guid(c76312a0fb08948699e1abf935e4a957) Importer(815301076,1909f56bfc062723c751e8b465ee728b)
Start importing Assets/Resources/DeckXML.xml using Guid(c76312a0fb08948699e1abf935e4a957) Importer(815301076,1909f56bfc062723c751e8b465ee728b)  -> (artifact id: '01d2eaee00ab86767d360ac9c4363bb4') in 0.008429 seconds 
  Import took 0.012317 seconds .

========================================================================
Received Import Request.
  Time since last request: 0.003041 seconds.
  path: Assets/__Scripts/SortLayout.cs
  artifactKey: Guid(40191efdba10fe9498785e30a6963245) Importer(815301076,1909f56bfc062723c751e8b465ee728b)
Start importing Assets/__Scripts/SortLayout.cs using Guid(40191efdba10fe9498785e30a6963245) Importer(815301076,1909f56bfc062723c751e8b465ee728b)  -> (artifact id: '48cd53dc04683be79e01cecb76ee49ed') in 0.007752 seconds 
  Import took 0.011828 seconds .

========================================================================
Received Import Request.
  Time since last request: 0.003636 seconds.
  path: Assets/_Sprites/Diamond.png
  artifactKey: Guid(f8c2745f3b53149c595d8fde43185468) Importer(815301076,1909f56bfc062723c751e8b465ee728b)
Start importing Assets/_Sprites/Diamond.png using Guid(f8c2745f3b53149c595d8fde43185468) Importer(815301076,1909f56bfc062723c751e8b465ee728b)  -> (artifact id: '0a55668c61bb880bc46b1bea7f0169cf') in 0.008998 seconds 
  Import took 0.013600 seconds .

========================================================================
Received Import Request.
  Time since last request: 0.003933 seconds.
  path: Assets/_Sprites/FaceCard_12H.png
  artifactKey: Guid(ee100e0d0a1c04759a5a7537cf5e8752) Importer(815301076,1909f56bfc062723c751e8b465ee728b)
Start importing Assets/_Sprites/FaceCard_12H.png using Guid(ee100e0d0a1c04759a5a7537cf5e8752) Importer(815301076,1909f56bfc062723c751e8b465ee728b)  -> (artifact id: 'fa445b17fce736cb5c4f4438b2ee7096') in 0.010087 seconds 
  Import took 0.014484 seconds .

========================================================================
Received Import Request.
  Time since last request: 0.002551 seconds.
  path: Assets/Materials
  artifactKey: Guid(d0217d346471649b9800f30a40f91143) Importer(815301076,1909f56bfc062723c751e8b465ee728b)
Start importing Assets/Materials using Guid(d0217d346471649b9800f30a40f91143) Importer(815301076,1909f56bfc062723c751e8b465ee728b)  -> (artifact id: 'f1f9805685bacad785db6a6536aad87c') in 0.002057 seconds 
  Import took 0.005509 seconds .

========================================================================
Received Import Request.
  Time since last request: 0.002767 seconds.
  path: Assets/_Sprites/ProspectorBackground Mat.mat
  artifactKey: Guid(c8ca95433cc67409b8b7e8c5fed52cce) Importer(815301076,1909f56bfc062723c751e8b465ee728b)
Start importing Assets/_Sprites/ProspectorBackground Mat.mat using Guid(c8ca95433cc67409b8b7e8c5fed52cce) Importer(815301076,1909f56bfc062723c751e8b465ee728b)  -> (artifact id: '8686590e9b39971a7df4ae22a5149ba2') in 0.066837 seconds 
  Import took 0.071458 seconds .

========================================================================
Received Import Request.
  Time since last request: 0.004364 seconds.
  path: Assets/_Sprites/Spade.png
  artifactKey: Guid(a7994da692eef4500be008b80674eecb) Importer(815301076,1909f56bfc062723c751e8b465ee728b)
Start importing Assets/_Sprites/Spade.png using Guid(a7994da692eef4500be008b80674eecb) Importer(815301076,1909f56bfc062723c751e8b465ee728b)  -> (artifact id: '372ce1de87080d4e1102aaafb6e09f97') in 0.008256 seconds 
  Import took 0.012959 seconds .

========================================================================
Received Import Request.
  Time since last request: 0.003240 seconds.
  path: Assets/Materials/UnlitAlpha.shader
  artifactKey: Guid(ea3e4057f49474da19de8e0b1c4f44fc) Importer(815301076,1909f56bfc062723c751e8b465ee728b)
Start importing Assets/Materials/UnlitAlpha.shader using Guid(ea3e4057f49474da19de8e0b1c4f44fc) Importer(815301076,1909f56bfc062723c751e8b465ee728b)  -> (artifact id: '12d532a44599c3f71ee42d1d58c04857') in 0.003571 seconds 
  Import took 0.007865 seconds .

========================================================================
Received Import Request.
  Time since last request: 0.005693 seconds.
  path: Assets/_Sprites/FaceCard_12S.png
  artifactKey: Guid(1b117bad312e24b2791cbc7dd2ea6d87) Importer(815301076,1909f56bfc062723c751e8b465ee728b)
Start importing Assets/_Sprites/FaceCard_12S.png using Guid(1b117bad312e24b2791cbc7dd2ea6d87) Importer(815301076,1909f56bfc062723c751e8b465ee728b)  -> (artifact id: 'bfd0e161d793029e1e72d4fefc861e10') in 0.010556 seconds 
  Import took 0.015191 seconds .

========================================================================
Received Import Request.
  Time since last request: 0.003621 seconds.
  path: Assets/_Sprites/Club.png
  artifactKey: Guid(f2e3abd22e9ae4d17ab5c0659ff3e024) Importer(815301076,1909f56bfc062723c751e8b465ee728b)
Start importing Assets/_Sprites/Club.png using Guid(f2e3abd22e9ae4d17ab5c0659ff3e024) Importer(815301076,1909f56bfc062723c751e8b465ee728b)  -> (artifact id: '9fc3b41c00deae58f5b233786377447e') in 0.007877 seconds 
  Import took 0.011970 seconds .

========================================================================
Received Import Request.
  Time since last request: 0.004259 seconds.
  path: Assets/_Sprites/FaceCard_13S.png
  artifactKey: Guid(a61ea2d4e7838406b97649cd8a3f3f34) Importer(815301076,1909f56bfc062723c751e8b465ee728b)
Start importing Assets/_Sprites/FaceCard_13S.png using Guid(a61ea2d4e7838406b97649cd8a3f3f34) Importer(815301076,1909f56bfc062723c751e8b465ee728b)  -> (artifact id: '85ce7ef8015febff35abe0c3dbe07646') in 0.010205 seconds 
  Import took 0.014501 seconds .

========================================================================
Received Import Request.
  Time since last request: 0.004474 seconds.
  path: Assets/_Sprites/ProspectorBackground.png
  artifactKey: Guid(410722e641735434fa9000d31a38bd1b) Importer(815301076,1909f56bfc062723c751e8b465ee728b)
Start importing Assets/_Sprites/ProspectorBackground.png using Guid(410722e641735434fa9000d31a38bd1b) Importer(815301076,1909f56bfc062723c751e8b465ee728b)  -> (artifact id: '58f00f199d330b3aa34796542d55e6a1') in 0.007528 seconds 
  Import took 0.011377 seconds .

========================================================================
Received Import Request.
  Time since last request: 0.003857 seconds.
  path: Assets/_Sprites/FaceCard_14J.png
  artifactKey: Guid(b4b6239ef56b4c845a29fc4319add60e) Importer(815301076,1909f56bfc062723c751e8b465ee728b)
Start importing Assets/_Sprites/FaceCard_14J.png using Guid(b4b6239ef56b4c845a29fc4319add60e) Importer(815301076,1909f56bfc062723c751e8b465ee728b)  -> (artifact id: '998b862f82145719e29b12db76e1ff0c') in 0.012703 seconds 
  Import took 0.017065 seconds .

========================================================================
Received Import Request.
  Time since last request: 0.003521 seconds.
  path: Assets/_Prefabs/deckPrefab.prefab
  artifactKey: Guid(4e6024c8c3c4e4d45bc0f35e7892a1e5) Importer(815301076,1909f56bfc062723c751e8b465ee728b)
Start importing Assets/_Prefabs/deckPrefab.prefab using Guid(4e6024c8c3c4e4d45bc0f35e7892a1e5) Importer(815301076,1909f56bfc062723c751e8b465ee728b)  -> (artifact id: 'c3e88a75e8b06417d827635fa22906d1') in 0.004488 seconds 
  Import took 0.008264 seconds .

========================================================================
Received Import Request.
  Time since last request: 0.002922 seconds.
  path: Assets/_Sprites/Letter_J.png
  artifactKey: Guid(fce5917a3b050924c91816eaa894fe9a) Importer(815301076,1909f56bfc062723c751e8b465ee728b)
Start importing Assets/_Sprites/Letter_J.png using Guid(fce5917a3b050924c91816eaa894fe9a) Importer(815301076,1909f56bfc062723c751e8b465ee728b)  -> (artifact id: 'ceb1f7e50015fe1191a32b92ab41c28a') in 0.009461 seconds 
  Import took 0.013538 seconds .

========================================================================
Received Import Request.
  Time since last request: 0.005578 seconds.
  path: Assets/_Sprites/Crown.png
  artifactKey: Guid(dcf5812b9d1536a4a857702f6f416768) Importer(815301076,1909f56bfc062723c751e8b465ee728b)
Start importing Assets/_Sprites/Crown.png using Guid(dcf5812b9d1536a4a857702f6f416768) Importer(815301076,1909f56bfc062723c751e8b465ee728b)  -> (artifact id: '8344eaffeeb43d3e80083bc2846565cd') in 0.010793 seconds 
  Import took 0.015317 seconds .

========================================================================
Received Import Request.
  Time since last request: 0.003776 seconds.
  path: Assets/_Sprites/FaceCard_13C.png
  artifactKey: Guid(c6955b0be0ed8469d8907eb75524a9d8) Importer(815301076,1909f56bfc062723c751e8b465ee728b)
Start importing Assets/_Sprites/FaceCard_13C.png using Guid(c6955b0be0ed8469d8907eb75524a9d8) Importer(815301076,1909f56bfc062723c751e8b465ee728b)  -> (artifact id: 'e8d18cbde48ea1e64c2d375e8148e344') in 0.009601 seconds 
  Import took 0.013570 seconds .

========================================================================
Received Import Request.
  Time since last request: 0.003677 seconds.
  path: Assets/_Sprites/FaceCard_12D.png
  artifactKey: Guid(4ec6a5b1f47934636a6280e5abb475f8) Importer(815301076,1909f56bfc062723c751e8b465ee728b)
Start importing Assets/_Sprites/FaceCard_12D.png using Guid(4ec6a5b1f47934636a6280e5abb475f8) Importer(815301076,1909f56bfc062723c751e8b465ee728b)  -> (artifact id: '6be0eaccc5dd29f63010c97fa7727b73') in 0.011016 seconds 
  Import took 0.015130 seconds .

========================================================================
Received Import Request.
  Time since last request: 0.003201 seconds.
  path: Assets/__Scripts/PT_XMLReader.cs
  artifactKey: Guid(d7ae3889c7be74b4e9dd156dd6318db4) Importer(815301076,1909f56bfc062723c751e8b465ee728b)
Start importing Assets/__Scripts/PT_XMLReader.cs using Guid(d7ae3889c7be74b4e9dd156dd6318db4) Importer(815301076,1909f56bfc062723c751e8b465ee728b)  -> (artifact id: 'a28e0f66fbb36aeb6e4871174f554cbc') in 0.001985 seconds 
  Import took 0.006194 seconds .

========================================================================
Received Import Request.
  Time since last request: 0.003212 seconds.
  path: Assets/_Sprites/FaceCard_11C.png
  artifactKey: Guid(0044ad2d99ea04858a663c3491cc9a91) Importer(815301076,1909f56bfc062723c751e8b465ee728b)
Start importing Assets/_Sprites/FaceCard_11C.png using Guid(0044ad2d99ea04858a663c3491cc9a91) Importer(815301076,1909f56bfc062723c751e8b465ee728b)  -> (artifact id: 'a039faeb80f6903f4cb8638de578cc7e') in 0.011912 seconds 
  Import took 0.016123 seconds .

========================================================================
Received Import Request.
  Time since last request: 0.003762 seconds.
  path: Assets/_Sprites/FaceCard_11D.png
  artifactKey: Guid(c10418368653749f796f63e87cde78ec) Importer(815301076,1909f56bfc062723c751e8b465ee728b)
Start importing Assets/_Sprites/FaceCard_11D.png using Guid(c10418368653749f796f63e87cde78ec) Importer(815301076,1909f56bfc062723c751e8b465ee728b)  -> (artifact id: '11f71505cca9877e4ab8e36e6b1cd7e1') in 0.011211 seconds 
  Import took 0.015672 seconds .

========================================================================
Received Import Request.
  Time since last request: 0.003191 seconds.
  path: Assets/_Prefabs/PrefabCard.prefab
  artifactKey: Guid(8cea76d477be1d54997804833582935a) Importer(815301076,1909f56bfc062723c751e8b465ee728b)
Start importing Assets/_Prefabs/PrefabCard.prefab using Guid(8cea76d477be1d54997804833582935a) Importer(815301076,1909f56bfc062723c751e8b465ee728b)  -> (artifact id: '436981757fa2e8c392963e1770ca9d29') in 0.013856 seconds 
  Import took 0.018169 seconds .

========================================================================
Received Import Request.
  Time since last request: 0.003549 seconds.
  path: Assets/_Sprites/Heart.png
  artifactKey: Guid(3f3ffa8970b63467cad6ba98725b1c95) Importer(815301076,1909f56bfc062723c751e8b465ee728b)
Start importing Assets/_Sprites/Heart.png using Guid(3f3ffa8970b63467cad6ba98725b1c95) Importer(815301076,1909f56bfc062723c751e8b465ee728b)  -> (artifact id: '9f6015b5cf0eb0372d5574143be27498') in 0.008380 seconds 
  Import took 0.012684 seconds .

========================================================================
Received Import Request.
  Time since last request: 0.004371 seconds.
  path: Assets/__Scripts/InputCount.cs
  artifactKey: Guid(0b768627a8398df4887867a836b352d6) Importer(815301076,1909f56bfc062723c751e8b465ee728b)
Start importing Assets/__Scripts/InputCount.cs using Guid(0b768627a8398df4887867a836b352d6) Importer(815301076,1909f56bfc062723c751e8b465ee728b)  -> (artifact id: 'fb1f9b3b8920753f38a6b63d5a1f09a1') in 0.001990 seconds 
  Import took 0.005148 seconds .

========================================================================
Received Import Request.
  Time since last request: 0.002864 seconds.
  path: Assets/_Sprites/Card_Back.png
  artifactKey: Guid(a8185ed8d47594bb8a3b8e2d9233f769) Importer(815301076,1909f56bfc062723c751e8b465ee728b)
Start importing Assets/_Sprites/Card_Back.png using Guid(a8185ed8d47594bb8a3b8e2d9233f769) Importer(815301076,1909f56bfc062723c751e8b465ee728b)  -> (artifact id: '22a6877df09a5788eda9e1e405b36632') in 0.010286 seconds 
  Import took 0.014044 seconds .

========================================================================
Received Import Request.
  Time since last request: 0.003598 seconds.
  path: Assets/_Sprites/FaceCard_11H.png
  artifactKey: Guid(21a6739a4135346e6956ca54075d8c25) Importer(815301076,1909f56bfc062723c751e8b465ee728b)
Start importing Assets/_Sprites/FaceCard_11H.png using Guid(21a6739a4135346e6956ca54075d8c25) Importer(815301076,1909f56bfc062723c751e8b465ee728b)  -> (artifact id: '7057a4d7da8d869b5760801dbb7b08dd') in 0.010049 seconds 
  Import took 0.014430 seconds .

========================================================================
Received Import Request.
  Time since last request: 0.002544 seconds.
  path: Assets/Resources
  artifactKey: Guid(23e3a0b8fb5df2148a0a48b9de891d18) Importer(815301076,1909f56bfc062723c751e8b465ee728b)
Start importing Assets/Resources using Guid(23e3a0b8fb5df2148a0a48b9de891d18) Importer(815301076,1909f56bfc062723c751e8b465ee728b)  -> (artifact id: '7cc022aaf4d1d11b026be1c62955bac4') in 0.002023 seconds 
  Import took 0.005225 seconds .

========================================================================
Received Import Request.
  Time since last request: 0.002310 seconds.
  path: Assets/__Scripts/Card.cs
  artifactKey: Guid(467cb3f9b6f1535449c7556ae262aa00) Importer(815301076,1909f56bfc062723c751e8b465ee728b)
Start importing Assets/__Scripts/Card.cs using Guid(467cb3f9b6f1535449c7556ae262aa00) Importer(815301076,1909f56bfc062723c751e8b465ee728b)  -> (artifact id: '401fc96aadd723eac04bd02f8f784209') in 0.002167 seconds 
  Import took 0.006304 seconds .

========================================================================
Received Import Request.
  Time since last request: 0.003214 seconds.
  path: Assets/_Sprites/Card_Front_Gold.png
  artifactKey: Guid(944dc539459fe4109b973bd4c97f68ee) Importer(815301076,1909f56bfc062723c751e8b465ee728b)
Start importing Assets/_Sprites/Card_Front_Gold.png using Guid(944dc539459fe4109b973bd4c97f68ee) Importer(815301076,1909f56bfc062723c751e8b465ee728b)  -> (artifact id: 'c61370e89162d2c9f2c955e6dcd5a82a') in 0.010519 seconds 
  Import took 0.014750 seconds .

========================================================================
Received Import Request.
  Time since last request: 0.003486 seconds.
  path: Assets/_Sprites/FaceCard_13D.png
  artifactKey: Guid(6f1efb7f571f948dfa995e521af3100a) Importer(815301076,1909f56bfc062723c751e8b465ee728b)
Start importing Assets/_Sprites/FaceCard_13D.png using Guid(6f1efb7f571f948dfa995e521af3100a) Importer(815301076,1909f56bfc062723c751e8b465ee728b)  -> (artifact id: 'b02f24a323a1bd6f2e69a4a5b7a4ab76') in 0.009800 seconds 
  Import took 0.013644 seconds .

========================================================================
Received Import Request.
  Time since last request: 0.002565 seconds.
  path: Assets/__Scripts
  artifactKey: Guid(1a1d8f031a962a64999c2c4744139559) Importer(815301076,1909f56bfc062723c751e8b465ee728b)
Start importing Assets/__Scripts using Guid(1a1d8f031a962a64999c2c4744139559) Importer(815301076,1909f56bfc062723c751e8b465ee728b)  -> (artifact id: '76cf652fd5024c4af3e2dda18176357f') in 0.002457 seconds 
  Import took 0.006406 seconds .

========================================================================
Received Import Request.
  Time since last request: 0.002677 seconds.
  path: Assets/__Prospector_Scene_0Settings.lighting
  artifactKey: Guid(694bb71fbcf95af4d9b36ebf88b2ddbb) Importer(815301076,1909f56bfc062723c751e8b465ee728b)
Start importing Assets/__Prospector_Scene_0Settings.lighting using Guid(694bb71fbcf95af4d9b36ebf88b2ddbb) Importer(815301076,1909f56bfc062723c751e8b465ee728b) LightingSettings: switching bake backend from 1 to 0.
 -> (artifact id: 'b5c06bc1285fb5e96064fee2d05e4118') in 0.003932 seconds 
  Import took 0.007289 seconds .

========================================================================
Received Import Request.
  Time since last request: 0.002614 seconds.
  path: Assets/Resources/LayoutXML.xml
  artifactKey: Guid(61f3f05951a2f4d98b35bddbc7549908) Importer(815301076,1909f56bfc062723c751e8b465ee728b)
Start importing Assets/Resources/LayoutXML.xml using Guid(61f3f05951a2f4d98b35bddbc7549908) Importer(815301076,1909f56bfc062723c751e8b465ee728b)  -> (artifact id: '86c370c0ddf4863ff04c90e5e2367e29') in 0.002516 seconds 
  Import took 0.005699 seconds .

========================================================================
Received Import Request.
  Time since last request: 0.003079 seconds.
  path: Assets/_Sprites/Letters.png
  artifactKey: Guid(a3dfadce2ec324208b9305ffd5119ba8) Importer(815301076,1909f56bfc062723c751e8b465ee728b)
Start importing Assets/_Sprites/Letters.png using Guid(a3dfadce2ec324208b9305ffd5119ba8) Importer(815301076,1909f56bfc062723c751e8b465ee728b)  -> (artifact id: '0324352ae022140692f8e6b6b922e4ab') in 0.035222 seconds 
  Import took 0.039098 seconds .

========================================================================
Received Import Request.
  Time since last request: 0.003341 seconds.
  path: Assets/_Sprites/FaceCard_11S.png
  artifactKey: Guid(21570ac654411438d8f6cc233ffb28e4) Importer(815301076,1909f56bfc062723c751e8b465ee728b)
Start importing Assets/_Sprites/FaceCard_11S.png using Guid(21570ac654411438d8f6cc233ffb28e4) Importer(815301076,1909f56bfc062723c751e8b465ee728b)  -> (artifact id: 'd7955cd5dbcda4d048d51ae311f7fbd7') in 0.009820 seconds 
  Import took 0.014242 seconds .

========================================================================
Received Import Request.
  Time since last request: 0.003166 seconds.
  path: Assets/__Scripts/Utils.cs
  artifactKey: Guid(c78e537984e8e4215a5293992c3edd35) Importer(815301076,1909f56bfc062723c751e8b465ee728b)
Start importing Assets/__Scripts/Utils.cs using Guid(c78e537984e8e4215a5293992c3edd35) Importer(815301076,1909f56bfc062723c751e8b465ee728b)  -> (artifact id: '4520853516c28e1e0ab0233538c66857') in 0.001992 seconds 
  Import took 0.005067 seconds .

========================================================================
Received Import Request.
  Time since last request: 0.008162 seconds.
  path: Assets/__Scripts/Prospector.cs
  artifactKey: Guid(2b6125e0631113649b78ef01762e2cc4) Importer(815301076,1909f56bfc062723c751e8b465ee728b)
Start importing Assets/__Scripts/Prospector.cs using Guid(2b6125e0631113649b78ef01762e2cc4) Importer(815301076,1909f56bfc062723c751e8b465ee728b)  -> (artifact id: '247d360eb01fd989a88b4916ce7f4839') in 0.002099 seconds 
  Import took 0.005937 seconds .

========================================================================
Received Import Request.
  Time since last request: 0.002651 seconds.
  path: Assets/_Prefabs/PrefabSprite.prefab
  artifactKey: Guid(30a6ba41f0d264815a76b64a60ee0b62) Importer(815301076,1909f56bfc062723c751e8b465ee728b)
Start importing Assets/_Prefabs/PrefabSprite.prefab using Guid(30a6ba41f0d264815a76b64a60ee0b62) Importer(815301076,1909f56bfc062723c751e8b465ee728b)  -> (artifact id: '7a0cd2e7147f9461dc6a54345ce6376b') in 0.004247 seconds 
  Import took 0.008213 seconds .

========================================================================
Received Import Request.
  Time since last request: 0.002087 seconds.
  path: Assets/_Sprites
  artifactKey: Guid(38143ead62cc7d942b10ae46186115f1) Importer(815301076,1909f56bfc062723c751e8b465ee728b)
Start importing Assets/_Sprites using Guid(38143ead62cc7d942b10ae46186115f1) Importer(815301076,1909f56bfc062723c751e8b465ee728b)  -> (artifact id: 'e17ab7570aa2ab627e5209a3e05afc3c') in 0.002342 seconds 
  Import took 0.006837 seconds .

========================================================================
Received Import Request.
  Time since last request: 0.002043 seconds.
  path: Assets/_Prefabs
  artifactKey: Guid(2d1958bd77cf586418e9ab41aebbc48c) Importer(815301076,1909f56bfc062723c751e8b465ee728b)
Start importing Assets/_Prefabs using Guid(2d1958bd77cf586418e9ab41aebbc48c) Importer(815301076,1909f56bfc062723c751e8b465ee728b)  -> (artifact id: 'cb7897bc3e333935e1cd949a7f9aca2e') in 0.001947 seconds 
  Import took 0.005154 seconds .

AssetImportWorkerClient::OnTransportError - code=2 error=End of file
